<?xml version="1.0" encoding="UTF-8"?>
<!-- Generated by org.testng.reporters.JUnitReportReporter -->
<testsuite ignored="0" hostname="aozdemir" failures="0" tests="8" name="com.worth.TaxOrSocialTest" time="51.763" errors="0" timestamp="07 Jun 2018 19:38:25 GMT" skipped="0">
  <testcase classname="com.worth.TaxOrSocialTest" name="checkLandingPage" time="5.179"/>
  <testcase classname="com.worth.TaxOrSocialTest" name="checkSummaryInfo" time="2.148"/>
  <testcase classname="com.worth.TaxOrSocialTest" name="fillForumNationality" time="6.161"/>
  <testcase classname="com.worth.TaxOrSocialTest" name="completeYourApplication" time="9.797"/>
  <testcase classname="com.worth.TaxOrSocialTest" name="fillForumPersonalInformation" time="10.806"/>
  <testcase classname="com.worth.TaxOrSocialTest" name="selectTaxSocialSecurityContributions" time="2.632"/>
  <testcase classname="com.worth.TaxOrSocialTest" name="startYourApplication" time="1.736"/>
  <testcase classname="com.worth.TaxOrSocialTest" name="fillForumCountryResidence" time="13.304"/>
</testsuite> <!-- com.worth.TaxOrSocialTest -->
