<?xml version="1.0" encoding="UTF-8"?>
<!-- Generated by org.testng.reporters.JUnitReportReporter -->
<testsuite ignored="0" hostname="aozdemir" failures="0" tests="7" name="com.worth.DeclarationTest" time="44.682" errors="0" timestamp="06 Jun 2018 20:48:52 GMT" skipped="0">
  <testcase classname="com.worth.DeclarationTest" name="fillForumNationality" time="5.354"/>
  <testcase classname="com.worth.DeclarationTest" name="selectReason" time="2.657"/>
  <testcase classname="com.worth.DeclarationTest" name="continueProcess" time="1.617"/>
  <testcase classname="com.worth.DeclarationTest" name="checkDeclaration" time="4.747"/>
  <testcase classname="com.worth.DeclarationTest" name="fillForumPersonalInformation" time="9.137"/>
  <testcase classname="com.worth.DeclarationTest" name="fillForumCountryResidence" time="11.502"/>
  <testcase classname="com.worth.DeclarationTest" name="completeApplication" time="9.668"/>
</testsuite> <!-- com.worth.DeclarationTest -->
