<?xml version="1.0" encoding="UTF-8"?>
<!-- Generated by org.testng.reporters.JUnitReportReporter -->
<testsuite ignored="0" hostname="aozdemir" failures="0" tests="8" name="com.worth.DrivingLicenceTest" time="51.174" errors="0" timestamp="07 Jun 2018 19:38:25 GMT" skipped="0">
  <testcase classname="com.worth.DrivingLicenceTest" name="checkLandingPage" time="5.122"/>
  <testcase classname="com.worth.DrivingLicenceTest" name="startYourApplication" time="1.689"/>
  <testcase classname="com.worth.DrivingLicenceTest" name="fillForumNationality" time="5.809"/>
  <testcase classname="com.worth.DrivingLicenceTest" name="checkSummaryInfo" time="1.799"/>
  <testcase classname="com.worth.DrivingLicenceTest" name="selectRenewingDrivingLicense" time="2.600"/>
  <testcase classname="com.worth.DrivingLicenceTest" name="fillForumCountryResidence" time="13.288"/>
  <testcase classname="com.worth.DrivingLicenceTest" name="completeYourApplication" time="9.710"/>
  <testcase classname="com.worth.DrivingLicenceTest" name="fillForumPersonalInformation" time="11.157"/>
</testsuite> <!-- com.worth.DrivingLicenceTest -->
